Added Component: Designator=C1(Tu hoa 10mm)
Add component (AddParameter): Name = "Chung_Loai"; Value = "C?m"; VariantName = "[No Variations]"
Add component (AddParameter): Name = "Don_Vi"; Value = "Con"; VariantName = "[No Variations]"
Add component (AddParameter): Name = "Kieu_Chan"; Value = ""; VariantName = "[No Variations]"
Add component (AddParameter): Name = "Ma_Hang"; Value = "MH003150"; VariantName = "[No Variations]"
Add component (AddParameter): Name = "So_Chan"; Value = "2"; VariantName = "[No Variations]"
Add component (AddParameter): Name = "Ten_Linh_Kien"; Value = "T? Hóa 100uF 100V 10x20MM"; VariantName = "[No Variations]"
Added Component: Designator=C2(Tu hoa 10mm)
Add component (AddParameter): Name = "Chung_Loai"; Value = "C?m"; VariantName = "[No Variations]"
Add component (AddParameter): Name = "Don_Vi"; Value = "Con"; VariantName = "[No Variations]"
Add component (AddParameter): Name = "Kieu_Chan"; Value = ""; VariantName = "[No Variations]"
Add component (AddParameter): Name = "Ma_Hang"; Value = "MH003150"; VariantName = "[No Variations]"
Add component (AddParameter): Name = "So_Chan"; Value = "2"; VariantName = "[No Variations]"
Add component (AddParameter): Name = "Ten_Linh_Kien"; Value = "T? Hóa 100uF 100V 10x20MM"; VariantName = "[No Variations]"
Added Component: Designator=IC1(QTO-220)
Add component (AddParameter): Name = "Value"; Value = "LM7805"; VariantName = "[No Variations]"
Added Component: Designator=JDC1(DC-IN)
Add component (AddParameter): Name = "Value"; Value = "Jac DC"; VariantName = "[No Variations]"
Added Component: Designator=JP1(JP 1x4 CC)
Add component (AddParameter): Name = "Chung_Loai"; Value = "C?m"; VariantName = "[No Variations]"
Add component (AddParameter): Name = "Don_Vi"; Value = "Con"; VariantName = "[No Variations]"
Add component (AddParameter): Name = "Ghi_Chu"; Value = ""; VariantName = "[No Variations]"
Add component (AddParameter): Name = "Kieu_Chan"; Value = ""; VariantName = "[No Variations]"
Add component (AddParameter): Name = "Ma_Hang"; Value = "MH001265"; VariantName = "[No Variations]"
Add component (AddParameter): Name = "Ten_Linh_Kien"; Value = "Jump Ðon Cái 2.54MM 1x40P Cong"; VariantName = "[No Variations]"
Added Component: Designator=JP2(JP 1x2 CC)
Add component (AddParameter): Name = "Chung_Loai"; Value = "C?m"; VariantName = "[No Variations]"
Add component (AddParameter): Name = "Don_Vi"; Value = "Con"; VariantName = "[No Variations]"
Add component (AddParameter): Name = "Ghi_Chu"; Value = ""; VariantName = "[No Variations]"
Add component (AddParameter): Name = "Kieu_Chan"; Value = ""; VariantName = "[No Variations]"
Add component (AddParameter): Name = "Ma_Hang"; Value = "MH001265"; VariantName = "[No Variations]"
Add component (AddParameter): Name = "Ten_Linh_Kien"; Value = "Jump Ðon Cái 2.54MM 1x40P Cong"; VariantName = "[No Variations]"
Added Component: Designator=LORA AS1(JP7-C1C)
Add component (AddParameter): Name = "ComponentLink1 Description"; Value = "Manufacturer"; VariantName = "[No Variations]"
Add component (AddParameter): Name = "ComponentLink1URL"; Value = "http://www.we-online.com"; VariantName = "[No Variations]"
Add component (AddParameter): Name = "ComponentLink2 Description"; Value = "Datasheet"; VariantName = "[No Variations]"
Add component (AddParameter): Name = "ComponentLink2URL"; Value = "http://katalog.we-online.de/em/datasheet/6130xx143121.pdf"; VariantName = "[No Variations]"
Add component (AddParameter): Name = "Created by"; Value = "Karrer Zheng"; VariantName = "[No Variations]"
Add component (AddParameter): Name = "Created Date"; Value = "29 March 2013"; VariantName = "[No Variations]"
Add component (AddParameter): Name = "Manufacturer"; Value = "W¨¹rth Elektronik eiSos GmbH"; VariantName = "[No Variations]"
Add component (AddParameter): Name = "NoPins"; Value = "07"; VariantName = "[No Variations]"
Add component (AddParameter): Name = "partNo"; Value = "613007143121"; VariantName = "[No Variations]"
Added Component: Designator=MQ1(JP 1x4 CC)
Add component (AddParameter): Name = "Chung_Loai"; Value = "C?m"; VariantName = "[No Variations]"
Add component (AddParameter): Name = "Don_Vi"; Value = "Con"; VariantName = "[No Variations]"
Add component (AddParameter): Name = "Ghi_Chu"; Value = ""; VariantName = "[No Variations]"
Add component (AddParameter): Name = "Kieu_Chan"; Value = ""; VariantName = "[No Variations]"
Add component (AddParameter): Name = "Ma_Hang"; Value = "MH001265"; VariantName = "[No Variations]"
Add component (AddParameter): Name = "Ten_Linh_Kien"; Value = "Jump Ðon Cái 2.54MM 1x40P Cong"; VariantName = "[No Variations]"
Added Component: Designator=MQ2(JP 1x4 CC)
Add component (AddParameter): Name = "Chung_Loai"; Value = "C?m"; VariantName = "[No Variations]"
Add component (AddParameter): Name = "Don_Vi"; Value = "Con"; VariantName = "[No Variations]"
Add component (AddParameter): Name = "Ghi_Chu"; Value = ""; VariantName = "[No Variations]"
Add component (AddParameter): Name = "Kieu_Chan"; Value = ""; VariantName = "[No Variations]"
Add component (AddParameter): Name = "Ma_Hang"; Value = "MH001265"; VariantName = "[No Variations]"
Add component (AddParameter): Name = "Ten_Linh_Kien"; Value = "Jump Ðon Cái 2.54MM 1x40P Cong"; VariantName = "[No Variations]"
Added Component: Designator=Q1(TO92)
Add component (AddParameter): Name = "Value"; Value = "C9014"; VariantName = "[No Variations]"
Added Component: Designator=Q2(TO92)
Add component (AddParameter): Name = "Value"; Value = "C9014"; VariantName = "[No Variations]"
Added Component: Designator=R1(tro vach 1/4w)
Add component (AddParameter): Name = "Chung_Loai"; Value = "C?m"; VariantName = "[No Variations]"
Add component (AddParameter): Name = "Don_Vi"; Value = "Con"; VariantName = "[No Variations]"
Add component (AddParameter): Name = "Kieu_Chan"; Value = ""; VariantName = "[No Variations]"
Add component (AddParameter): Name = "Ma_Hang"; Value = "MH008787"; VariantName = "[No Variations]"
Add component (AddParameter): Name = "So_Chan"; Value = "2"; VariantName = "[No Variations]"
Add component (AddParameter): Name = "Ten_Linh_Kien"; Value = "Tr? V?ch 1/4w 5% 9.1k"; VariantName = "[No Variations]"
Added Component: Designator=R2(tro vach 1/4w)
Add component (AddParameter): Name = "Chung_Loai"; Value = "C?m"; VariantName = "[No Variations]"
Add component (AddParameter): Name = "Don_Vi"; Value = "Con"; VariantName = "[No Variations]"
Add component (AddParameter): Name = "Kieu_Chan"; Value = ""; VariantName = "[No Variations]"
Add component (AddParameter): Name = "Ma_Hang"; Value = "MH007390"; VariantName = "[No Variations]"
Add component (AddParameter): Name = "So_Chan"; Value = "2"; VariantName = "[No Variations]"
Add component (AddParameter): Name = "Ten_Linh_Kien"; Value = "Tr? V?ch 1/4w 5% 1k"; VariantName = "[No Variations]"
Added Component: Designator=R3(tro vach 1/4w)
Add component (AddParameter): Name = "Chung_Loai"; Value = "C?m"; VariantName = "[No Variations]"
Add component (AddParameter): Name = "Don_Vi"; Value = "Con"; VariantName = "[No Variations]"
Add component (AddParameter): Name = "Kieu_Chan"; Value = ""; VariantName = "[No Variations]"
Add component (AddParameter): Name = "Ma_Hang"; Value = "MH007390"; VariantName = "[No Variations]"
Add component (AddParameter): Name = "So_Chan"; Value = "2"; VariantName = "[No Variations]"
Add component (AddParameter): Name = "Ten_Linh_Kien"; Value = "Tr? V?ch 1/4w 5% 1k"; VariantName = "[No Variations]"
Added Component: Designator=R4(tro vach 1/4w)
Add component (AddParameter): Name = "Chung_Loai"; Value = "C?m"; VariantName = "[No Variations]"
Add component (AddParameter): Name = "Don_Vi"; Value = "Con"; VariantName = "[No Variations]"
Add component (AddParameter): Name = "Kieu_Chan"; Value = ""; VariantName = "[No Variations]"
Add component (AddParameter): Name = "Ma_Hang"; Value = "MH007390"; VariantName = "[No Variations]"
Add component (AddParameter): Name = "So_Chan"; Value = "2"; VariantName = "[No Variations]"
Add component (AddParameter): Name = "Ten_Linh_Kien"; Value = "Tr? V?ch 1/4w 5% 1k"; VariantName = "[No Variations]"
Added Component: Designator=R5(tro vach 1/4w)
Add component (AddParameter): Name = "Chung_Loai"; Value = "C?m"; VariantName = "[No Variations]"
Add component (AddParameter): Name = "Don_Vi"; Value = "Con"; VariantName = "[No Variations]"
Add component (AddParameter): Name = "Kieu_Chan"; Value = ""; VariantName = "[No Variations]"
Add component (AddParameter): Name = "Ma_Hang"; Value = "MH007390"; VariantName = "[No Variations]"
Add component (AddParameter): Name = "So_Chan"; Value = "2"; VariantName = "[No Variations]"
Add component (AddParameter): Name = "Ten_Linh_Kien"; Value = "Tr? V?ch 1/4w 5% 1k"; VariantName = "[No Variations]"
Added Component: Designator=STM1(STM32F103 KIT)
Added Component: Designator=SW1(SW2)
Add component (AddParameter): Name = "Value"; Value = "SW chip 2 pin"; VariantName = "[No Variations]"
Added Component: Designator=U1(SNR4-2.54-15.5X12.0X5.5MM)
Add component (AddParameter): Name = "Availability"; Value = "In Stock"; VariantName = "[No Variations]"
Add component (AddParameter): Name = "Check_prices"; Value = "https://www.snapeda.com/parts/DHT11/Panasonic/view-part/6618018/?ref=eda"; VariantName = "[No Variations]"
Add component (AddParameter): Name = "MF"; Value = "Panasonic Industrial Automation Sales"; VariantName = "[No Variations]"
Add component (AddParameter): Name = "MP"; Value = "DHT11"; VariantName = "[No Variations]"
Add component (AddParameter): Name = "Package"; Value = "None"; VariantName = "[No Variations]"
Add component (AddParameter): Name = "Price"; Value = "None"; VariantName = "[No Variations]"
Add component (AddParameter): Name = "Purchase-URL"; Value = "https://pricing.snapeda.com/search/part/DHT11/?ref=eda"; VariantName = "[No Variations]"
Add component (AddParameter): Name = "SnapEDA_Link"; Value = "https://www.snapeda.com/parts/DHT11/Panasonic/view-part/6618018/?ref=snap"; VariantName = "[No Variations]"
Add component (AddParameter): Name = "Value"; Value = ""; VariantName = "[No Variations]"
Added Component: Designator=U2(MODULE_DM-OLED096-636)
Add component (AddParameter): Name = "Check_prices"; Value = "https://www.snapeda.com/parts/DM-OLED096-636/Display+Module/view-part/?ref=eda"; VariantName = "[No Variations]"
Add component (AddParameter): Name = "MF"; Value = "Display Module"; VariantName = "[No Variations]"
Add component (AddParameter): Name = "MP"; Value = "DM-OLED096-636"; VariantName = "[No Variations]"
Add component (AddParameter): Name = "Package"; Value = "Package"; VariantName = "[No Variations]"
Add component (AddParameter): Name = "SnapEDA_Link"; Value = "https://www.snapeda.com/parts/DM-OLED096-636/Display+Module/view-part/?ref=snap"; VariantName = "[No Variations]"
Add component (AddParameter): Name = "Value"; Value = ""; VariantName = "[No Variations]"
Added Pin To Net: NetName=NetC1_1 Pin=C1-1
Added Pin To Net: NetName=GND Pin=C1-2
Added Pin To Net: NetName=+5 Pin=C2-1
Added Pin To Net: NetName=GND Pin=C2-2
Added Pin To Net: NetName=NetC1_1 Pin=IC1-1
Added Pin To Net: NetName=GND Pin=IC1-2
Added Pin To Net: NetName=+5 Pin=IC1-3
Added Pin To Net: NetName=NetC1_1 Pin=JDC1-1
Added Pin To Net: NetName=GND Pin=JDC1-2
Added Pin To Net: NetName=GND Pin=JDC1-3
Added Pin To Net: NetName=GND Pin=JP1-1
Added Pin To Net: NetName=NetJP1_2 Pin=JP1-2
Added Pin To Net: NetName=NetJP1_3 Pin=JP1-3
Added Pin To Net: NetName=+5 Pin=JP1-4
Added Pin To Net: NetName=NetJP2_1 Pin=JP2-1
Added Pin To Net: NetName=NetJP2_2 Pin=JP2-2
Added Pin To Net: NetName=GND Pin=LORA AS1-1
Added Pin To Net: NetName=GND Pin=LORA AS1-2
Added Pin To Net: NetName=NetLORA AS1_3 Pin=LORA AS1-3
Added Pin To Net: NetName=NetLORA AS1_4 Pin=LORA AS1-4
Added Pin To Net: NetName=NetLORA AS1_6 Pin=LORA AS1-6
Added Pin To Net: NetName=GND Pin=LORA AS1-7
Added Pin To Net: NetName=NetLORA AS1_6 Pin=MQ1-1
Added Pin To Net: NetName=GND Pin=MQ1-2
Added Pin To Net: NetName=NetMQ1_4 Pin=MQ1-4
Added Pin To Net: NetName=NetLORA AS1_6 Pin=MQ2-1
Added Pin To Net: NetName=GND Pin=MQ2-2
Added Pin To Net: NetName=NetMQ2_4 Pin=MQ2-4
Added Pin To Net: NetName=GND Pin=Q1-1
Added Pin To Net: NetName=NetJP1_2 Pin=Q1-2
Added Pin To Net: NetName=NetQ1_3 Pin=Q1-3
Added Pin To Net: NetName=GND Pin=Q2-1
Added Pin To Net: NetName=NetJP1_3 Pin=Q2-2
Added Pin To Net: NetName=NetQ2_3 Pin=Q2-3
Added Pin To Net: NetName=GND Pin=R1-1
Added Pin To Net: NetName=NetR1_2 Pin=R1-2
Added Pin To Net: NetName=NetJP1_2 Pin=R2-1
Added Pin To Net: NetName=+5 Pin=R2-2
Added Pin To Net: NetName=NetJP1_3 Pin=R3-1
Added Pin To Net: NetName=+5 Pin=R3-2
Added Pin To Net: NetName=NetR4_1 Pin=R4-1
Added Pin To Net: NetName=NetQ1_3 Pin=R4-2
Added Pin To Net: NetName=NetR5_1 Pin=R5-1
Added Pin To Net: NetName=NetQ2_3 Pin=R5-2
Added Pin To Net: NetName=NetLORA AS1_3 Pin=STM1-6
Added Pin To Net: NetName=NetLORA AS1_4 Pin=STM1-7
Added Pin To Net: NetName=NetR4_1 Pin=STM1-12
Added Pin To Net: NetName=NetR5_1 Pin=STM1-13
Added Pin To Net: NetName=NetSTM1_14 Pin=STM1-14
Added Pin To Net: NetName=NetSTM1_15 Pin=STM1-15
Added Pin To Net: NetName=+5 Pin=STM1-18
Added Pin To Net: NetName=GND Pin=STM1-19
Added Pin To Net: NetName=NetLORA AS1_6 Pin=STM1-20
Added Pin To Net: NetName=NetJP2_2 Pin=STM1-23
Added Pin To Net: NetName=NetJP2_1 Pin=STM1-24
Added Pin To Net: NetName=NetMQ2_4 Pin=STM1-25
Added Pin To Net: NetName=NetMQ1_4 Pin=STM1-26
Added Pin To Net: NetName=NetSTM1_28 Pin=STM1-28
Added Pin To Net: NetName=GND Pin=STM1-40
Added Pin To Net: NetName=NetR1_2 Pin=SW1-1
Added Pin To Net: NetName=+5 Pin=SW1-2
Added Pin To Net: NetName=NetLORA AS1_6 Pin=U1-1
Added Pin To Net: NetName=NetSTM1_28 Pin=U1-2
Added Pin To Net: NetName=GND Pin=U1-4
Added Pin To Net: NetName=GND Pin=U2-1
Added Pin To Net: NetName=NetLORA AS1_6 Pin=U2-2
Added Pin To Net: NetName=NetSTM1_14 Pin=U2-3
Added Pin To Net: NetName=NetSTM1_15 Pin=U2-4
Added Member To Class: ClassName=Schematic Member=Component C1 100uF
Added Member To Class: ClassName=Schematic Member=Component C2 100uF
Added Member To Class: ClassName=Schematic Member=Component IC1 LM7805
Added Member To Class: ClassName=Schematic Member=Component JDC1 Jac DC
Added Member To Class: ClassName=Schematic Member=Component JP1 JP 1x4 2.54
Added Member To Class: ClassName=Schematic Member=Component JP2 JP 1x2 2.54
Added Member To Class: ClassName=Schematic Member=Component LORA AS1 JP7
Added Member To Class: ClassName=Schematic Member=Component MQ1 MQ7
Added Member To Class: ClassName=Schematic Member=Component MQ2 MQ135
Added Member To Class: ClassName=Schematic Member=Component Q1 C1815
Added Member To Class: ClassName=Schematic Member=Component Q2 C1815
Added Member To Class: ClassName=Schematic Member=Component R1 3.9k
Added Member To Class: ClassName=Schematic Member=Component R2 1k
Added Member To Class: ClassName=Schematic Member=Component R3 1k
Added Member To Class: ClassName=Schematic Member=Component R4 1k
Added Member To Class: ClassName=Schematic Member=Component R5 1k
Added Member To Class: ClassName=Schematic Member=Component STM1 KIT STM32F103C8T6
Added Member To Class: ClassName=Schematic Member=Component SW1 SW
Added Member To Class: ClassName=Schematic Member=Component U1 TEM-HUM-DHT11(4P-15.5X12.0MM)
Added Member To Class: ClassName=Schematic Member=Component U2 DM-OLED096-636
Added Room: Name=Schematic
