Added Component: Designator=U1(SNR4-2.54-15.5X12.0X5.5MM)
Add component (AddParameter): Name = "Availability"; Value = "In Stock"; VariantName = "[No Variations]"
Add component (AddParameter): Name = "Check_prices"; Value = "https://www.snapeda.com/parts/DHT11/Panasonic/view-part/6618018/?ref=eda"; VariantName = "[No Variations]"
Add component (AddParameter): Name = "MF"; Value = "Panasonic Industrial Automation Sales"; VariantName = "[No Variations]"
Add component (AddParameter): Name = "MP"; Value = "DHT11"; VariantName = "[No Variations]"
Add component (AddParameter): Name = "Package"; Value = "None"; VariantName = "[No Variations]"
Add component (AddParameter): Name = "Price"; Value = "None"; VariantName = "[No Variations]"
Add component (AddParameter): Name = "Purchase-URL"; Value = "https://pricing.snapeda.com/search/part/DHT11/?ref=eda"; VariantName = "[No Variations]"
Add component (AddParameter): Name = "SnapEDA_Link"; Value = "https://www.snapeda.com/parts/DHT11/Panasonic/view-part/6618018/?ref=snap"; VariantName = "[No Variations]"
Add component (AddParameter): Name = "Value"; Value = ""; VariantName = "[No Variations]"
Added Component: Designator=U2(MODULE_DM-OLED096-636)
Add component (AddParameter): Name = "Check_prices"; Value = "https://www.snapeda.com/parts/DM-OLED096-636/Display+Module/view-part/?ref=eda"; VariantName = "[No Variations]"
Add component (AddParameter): Name = "MF"; Value = "Display Module"; VariantName = "[No Variations]"
Add component (AddParameter): Name = "MP"; Value = "DM-OLED096-636"; VariantName = "[No Variations]"
Add component (AddParameter): Name = "Package"; Value = "Package"; VariantName = "[No Variations]"
Add component (AddParameter): Name = "SnapEDA_Link"; Value = "https://www.snapeda.com/parts/DM-OLED096-636/Display+Module/view-part/?ref=snap"; VariantName = "[No Variations]"
Add component (AddParameter): Name = "Value"; Value = ""; VariantName = "[No Variations]"
Added Pin To Net: NetName=NetLORA AS1_6 Pin=U1-1
Added Pin To Net: NetName=NetR1_2 Pin=U1-2
Added Pin To Net: NetName=NetLORA AS1_1 Pin=U1-4
Added Pin To Net: NetName=NetLORA AS1_1 Pin=U2-1
Added Pin To Net: NetName=NetLORA AS1_6 Pin=U2-2
Added Pin To Net: NetName=NetR4_2 Pin=U2-3
Added Pin To Net: NetName=NetR2_2 Pin=U2-4
Added Member To Class: ClassName=Schematic Member=Component STM1 KIT STM32F103C8T6
Added Member To Class: ClassName=Schematic Member=Component U1 TEM-HUM-DHT11(4P-15.5X12.0MM)
Added Member To Class: ClassName=Schematic Member=Component U2 DM-OLED096-636
