Change Component Designator: OldDesignator=C? NewDesignator=C1
Change Component Designator: OldDesignator=C? NewDesignator=C2
Change Component Designator: OldDesignator=IC? NewDesignator=IC1
Change Component Designator: OldDesignator=L? NewDesignator=L1
Change Component Designator: OldDesignator=LORA AS32 NewDesignator=LORA AS1
Change Component Designator: OldDesignator=R? NewDesignator=R1
Change Component Designator: OldDesignator=SW? NewDesignator=SW1
Change Component Designator: OldDesignator=TFT NewDesignator=TFT1
Change Component Designator: OldDesignator=U? NewDesignator=U1
Change Net Name : Old Net Name=NetC?_1 New Net Name=NetC1_1
Change Net Name : Old Net Name=NetLORA AS32_1 New Net Name=NetLORA AS1_1
Change Net Name : Old Net Name=NetLORA AS32_3 New Net Name=NetLORA AS1_3
Change Net Name : Old Net Name=NetLORA AS32_4 New Net Name=NetLORA AS1_4
Change Net Name : Old Net Name=NetLORA AS32_6 New Net Name=NetLORA AS1_6
Change Net Name : Old Net Name=NetR?_1 New Net Name=NetR1_1
Change Net Name : Old Net Name=NetTFT_1 New Net Name=NetTFT1_1
Change Net Name : Old Net Name=NetTFT_2 New Net Name=NetTFT1_2
Change Net Name : Old Net Name=NetTFT_3 New Net Name=NetTFT1_3
Change Net Name : Old Net Name=NetTFT_4 New Net Name=NetTFT1_4
Change Net Name : Old Net Name=NetTFT_5 New Net Name=NetTFT1_5
Added Member To Class: ClassName=Project2 Member=Component C1 100uF
Added Member To Class: ClassName=Project2 Member=Component C2 100uF
